[2026-04-20 19:11:59] 夜间维护开始
[2026-04-20 19:12:00] 初始状态 published=46 review=36 docs=221 active_zero=167
[2026-04-20 19:13:03] 夜间维护开始
[2026-04-20 19:13:04] 初始状态 published=46 review=36 docs=221 active_zero=167
[2026-04-20 19:14:25] 夜间维护开始
[2026-04-20 19:14:27] 初始状态 published=46 review=36 docs=221 active_zero=167
[2026-04-20 19:49:12] 零快照修复 round=1 requested=40 repaired=0 remaining=167
[2026-04-20 20:22:27] 零快照修复 round=2 requested=40 repaired=0 remaining=167
[2026-04-20 20:58:47] 零快照修复 round=3 requested=40 repaired=0 remaining=167
[2026-04-20 21:30:50] 夜间维护开始
[2026-04-20 21:30:50] 初始状态 published=46 review=36 docs=221 active_zero=167
[2026-04-20 21:32:20] 夜间维护开始
[2026-04-20 21:32:21] 初始状态 published=46 review=36 docs=221 active_zero=167
[2026-04-20 22:07:33] 零快照修复 round=1 requested=40 repaired=0 remaining=167
[2026-04-20 22:42:01] 零快照修复 round=2 requested=40 repaired=0 remaining=167
[2026-04-20 23:18:20] 零快照修复 round=3 requested=40 repaired=0 remaining=167
[2026-04-20 23:55:15] 零快照修复 round=4 requested=40 repaired=0 remaining=167
[2026-04-21 00:26:03] 公告回填 2026-04-01~2026-04-10 requested=56 processed=56 success=56 failed=0
[2026-04-21 00:57:50] 公告回填 2026-04-11~2026-04-19 requested=55 processed=55 success=55 failed=0
[2026-04-21 01:20:17] 公告回填 2025-07-01~2025-07-15 requested=33 processed=33 success=32 failed=1
[2026-04-21 01:50:00] 公告回填 2025-07-16~2025-07-30 requested=51 processed=51 success=51 failed=0
[2026-04-21 02:17:31] 公告回填 2025-07-31~2025-08-14 requested=46 processed=46 success=45 failed=1
[2026-04-21 02:46:55] 公告回填 2025-08-15~2025-08-29 requested=51 processed=51 success=51 failed=0
[2026-04-21 03:16:44] 公告回填 2025-08-30~2025-09-13 requested=51 processed=51 success=51 failed=0
[2026-04-21 03:46:16] 公告回填 2025-09-14~2025-09-28 requested=49 processed=49 success=49 failed=0
[2026-04-21 04:07:45] 公告回填 2025-09-29~2025-10-13 requested=34 processed=34 success=33 failed=1
[2026-04-21 04:36:15] 公告回填 2025-10-14~2025-10-28 requested=53 processed=53 success=52 failed=1
[2026-04-21 05:06:58] 公告回填 2025-10-29~2025-11-12 requested=52 processed=52 success=52 failed=0
[2026-04-21 05:34:25] 公告回填 2025-11-13~2025-11-27 requested=46 processed=46 success=46 failed=0
[2026-04-21 06:06:54] 公告回填 2025-11-28~2025-12-12 requested=57 processed=57 success=57 failed=0
[2026-04-21 06:39:05] 公告回填 2025-12-13~2025-12-27 requested=62 processed=62 success=61 failed=1
[2026-04-21 07:05:19] 公告回填 2025-12-28~2025-12-31 requested=47 processed=47 success=47 failed=0
[2026-04-21 07:05:20] 结束状态 published=133 review=110 docs=930 active_zero=167
[2026-04-21 07:05:20] 夜间维护结束
