Form data requires "python-multipart" to be installed. 
You can install "python-multipart" with: 

pip install python-multipart

Traceback (most recent call last):
  File "<frozen runpy>", line 198, in _run_module_as_main
  File "<frozen runpy>", line 88, in _run_code
  File "D:\myproject\cnmayun\.venv\Lib\site-packages\uvicorn\__main__.py", line 4, in <module>
    uvicorn.main()
  File "D:\myproject\cnmayun\.venv\Lib\site-packages\click\core.py", line 1485, in __call__
    return self.main(*args, **kwargs)
           ^^^^^^^^^^^^^^^^^^^^^^^^^^
  File "D:\myproject\cnmayun\.venv\Lib\site-packages\click\core.py", line 1406, in main
    rv = self.invoke(ctx)
         ^^^^^^^^^^^^^^^^
  File "D:\myproject\cnmayun\.venv\Lib\site-packages\click\core.py", line 1269, in invoke
    return ctx.invoke(self.callback, **ctx.params)
           ^^^^^^^^^^^^^^^^^^^^^^^^^^^^^^^^^^^^^^^
  File "D:\myproject\cnmayun\.venv\Lib\site-packages\click\core.py", line 824, in invoke
    return callback(*args, **kwargs)
           ^^^^^^^^^^^^^^^^^^^^^^^^^
  File "D:\myproject\cnmayun\.venv\Lib\site-packages\uvicorn\main.py", line 433, in main
    run(
  File "D:\myproject\cnmayun\.venv\Lib\site-packages\uvicorn\main.py", line 606, in run
    server.run()
  File "D:\myproject\cnmayun\.venv\Lib\site-packages\uvicorn\server.py", line 75, in run
    return asyncio_run(self.serve(sockets=sockets), loop_factory=self.config.get_loop_factory())
           ^^^^^^^^^^^^^^^^^^^^^^^^^^^^^^^^^^^^^^^^^^^^^^^^^^^^^^^^^^^^^^^^^^^^^^^^^^^^^^^^^^^^^
  File "D:\myproject\cnmayun\.venv\Lib\site-packages\uvicorn\_compat.py", line 30, in asyncio_run
    return runner.run(main)
           ^^^^^^^^^^^^^^^^
  File "D:\python\Lib\asyncio\runners.py", line 118, in run
    return self._loop.run_until_complete(task)
           ^^^^^^^^^^^^^^^^^^^^^^^^^^^^^^^^^^^
  File "D:\python\Lib\asyncio\base_events.py", line 653, in run_until_complete
    return future.result()
           ^^^^^^^^^^^^^^^
  File "D:\myproject\cnmayun\.venv\Lib\site-packages\uvicorn\server.py", line 79, in serve
    await self._serve(sockets)
  File "D:\myproject\cnmayun\.venv\Lib\site-packages\uvicorn\server.py", line 86, in _serve
    config.load()
  File "D:\myproject\cnmayun\.venv\Lib\site-packages\uvicorn\config.py", line 441, in load
    self.loaded_app = import_from_string(self.app)
                      ^^^^^^^^^^^^^^^^^^^^^^^^^^^^
  File "D:\myproject\cnmayun\.venv\Lib\site-packages\uvicorn\importer.py", line 19, in import_from_string
    module = importlib.import_module(module_str)
             ^^^^^^^^^^^^^^^^^^^^^^^^^^^^^^^^^^^
  File "D:\python\Lib\importlib\__init__.py", line 126, in import_module
    return _bootstrap._gcd_import(name[level:], package, level)
           ^^^^^^^^^^^^^^^^^^^^^^^^^^^^^^^^^^^^^^^^^^^^^^^^^^^^
  File "<frozen importlib._bootstrap>", line 1204, in _gcd_import
  File "<frozen importlib._bootstrap>", line 1176, in _find_and_load
  File "<frozen importlib._bootstrap>", line 1147, in _find_and_load_unlocked
  File "<frozen importlib._bootstrap>", line 690, in _load_unlocked
  File "<frozen importlib._bootstrap_external>", line 940, in exec_module
  File "<frozen importlib._bootstrap>", line 241, in _call_with_frames_removed
  File "D:\myproject\cnmayun\app\main.py", line 218, in <module>
    @app.post("/watchlists/create")
     ^^^^^^^^^^^^^^^^^^^^^^^^^^^^^^
  File "D:\myproject\cnmayun\.venv\Lib\site-packages\fastapi\routing.py", line 1450, in decorator
    self.add_api_route(
  File "D:\myproject\cnmayun\.venv\Lib\site-packages\fastapi\routing.py", line 1386, in add_api_route
    route = route_class(
            ^^^^^^^^^^^^
  File "D:\myproject\cnmayun\.venv\Lib\site-packages\fastapi\routing.py", line 949, in __init__
    self.dependant = get_dependant(
                     ^^^^^^^^^^^^^^
  File "D:\myproject\cnmayun\.venv\Lib\site-packages\fastapi\dependencies\utils.py", line 311, in get_dependant
    param_details = analyze_param(
                    ^^^^^^^^^^^^^^
  File "D:\myproject\cnmayun\.venv\Lib\site-packages\fastapi\dependencies\utils.py", line 535, in analyze_param
    ensure_multipart_is_installed()
  File "D:\myproject\cnmayun\.venv\Lib\site-packages\fastapi\dependencies\utils.py", line 120, in ensure_multipart_is_installed
    raise RuntimeError(multipart_not_installed_error) from None
RuntimeError: Form data requires "python-multipart" to be installed. 
You can install "python-multipart" with: 

pip install python-multipart

